# JRE version: OpenJDK Runtime Environment (8.0_232-b09) (build 1.8.0_232-b09)
# Java VM: OpenJDK 64-Bit Server VM (25.232-b09 mixed mode windows-amd64 compressed oops)
Heap:
 PSYoungGen      total 340480K, used 166888K [0x000000076b300000, 0x0000000793f80000, 0x00000007c0000000)
  eden space 206848K, 16% used [0x000000076b300000,0x000000076d37a118,0x0000000777d00000)
  from space 133632K, 100% used [0x0000000777d00000,0x000000077ff80000,0x000000077ff80000)
  to   space 187904K, 0% used [0x0000000788800000,0x0000000788800000,0x0000000793f80000)
 ParOldGen       total 400896K, used 248314K [0x00000006c1800000, 0x00000006d9f80000, 0x000000076b300000)
  object space 400896K, 61% used [0x00000006c1800000,0x00000006d0a7e9b8,0x00000006d9f80000)
 Metaspace       used 11071K, capacity 11311K, committed 11520K, reserved 1060864K
  class space    used 842K, capacity 942K, committed 1024K, reserved 1048576K
GC Heap History (10 events):
Event: 2.012 GC heap before
{Heap before GC invocations=4 (full 0):
 PSYoungGen      total 76288K, used 76256K [0x000000076b300000, 0x0000000774800000, 0x00000007c0000000)
  eden space 65536K, 100% used [0x000000076b300000,0x000000076f300000,0x000000076f300000)
  from space 10752K, 99% used [0x000000076f300000,0x000000076fd78020,0x000000076fd80000)
  to   space 10752K, 0% used [0x0000000773d80000,0x0000000773d80000,0x0000000774800000)
 ParOldGen       total 175104K, used 47400K [0x00000006c1800000, 0x00000006cc300000, 0x000000076b300000)
  object space 175104K, 27% used [0x00000006c1800000,0x00000006c464a000,0x00000006cc300000)
 Metaspace       used 11046K, capacity 11303K, committed 11520K, reserved 1060864K
  class space    used 839K, capacity 942K, committed 1024K, reserved 1048576K
Event: 2.052 GC heap after
Heap after GC invocations=4 (full 0):
 PSYoungGen      total 141824K, used 10720K [0x000000076b300000, 0x0000000774800000, 0x00000007c0000000)
  eden space 131072K, 0% used [0x000000076b300000,0x000000076b300000,0x0000000773300000)
  from space 10752K, 99% used [0x0000000773d80000,0x00000007747f8020,0x0000000774800000)
  to   space 10752K, 0% used [0x0000000773300000,0x0000000773300000,0x0000000773d80000)
 ParOldGen       total 175104K, used 97325K [0x00000006c1800000, 0x00000006cc300000, 0x000000076b300000)
  object space 175104K, 55% used [0x00000006c1800000,0x00000006c770b4d0,0x00000006cc300000)
 Metaspace       used 11046K, capacity 11303K, committed 11520K, reserved 1060864K
  class space    used 839K, capacity 942K, committed 1024K, reserved 1048576K
}
Event: 2.084 GC heap before
{Heap before GC invocations=5 (full 0):
 PSYoungGen      total 141824K, used 141792K [0x000000076b300000, 0x0000000774800000, 0x00000007c0000000)
  eden space 131072K, 100% used [0x000000076b300000,0x0000000773300000,0x0000000773300000)
  from space 10752K, 99% used [0x0000000773d80000,0x00000007747f8020,0x0000000774800000)
  to   space 10752K, 0% used [0x0000000773300000,0x0000000773300000,0x0000000773d80000)
 ParOldGen       total 175104K, used 97325K [0x00000006c1800000, 0x00000006cc300000, 0x000000076b300000)
  object space 175104K, 55% used [0x00000006c1800000,0x00000006c770b4d0,0x00000006cc300000)
 Metaspace       used 11046K, capacity 11303K, committed 11520K, reserved 1060864K
  class space    used 839K, capacity 942K, committed 1024K, reserved 1048576K
Event: 2.154 GC heap after
Heap after GC invocations=5 (full 0):
 PSYoungGen      total 141824K, used 10752K [0x000000076b300000, 0x000000078a300000, 0x00000007c0000000)
  eden space 131072K, 0% used [0x000000076b300000,0x000000076b300000,0x0000000773300000)
  from space 10752K, 100% used [0x0000000773300000,0x0000000773d80000,0x0000000773d80000)
  to   space 122880K, 0% used [0x0000000782b00000,0x0000000782b00000,0x000000078a300000)
 ParOldGen       total 197120K, used 195065K [0x00000006c1800000, 0x00000006cd880000, 0x000000076b300000)
  object space 197120K, 98% used [0x00000006c1800000,0x00000006cd67e530,0x00000006cd880000)
 Metaspace       used 11046K, capacity 11303K, committed 11520K, reserved 1060864K
  class space    used 839K, capacity 942K, committed 1024K, reserved 1048576K
}
Event: 2.154 GC heap before
{Heap before GC invocations=6 (full 1):
 PSYoungGen      total 141824K, used 10752K [0x000000076b300000, 0x000000078a300000, 0x00000007c0000000)
  eden space 131072K, 0% used [0x000000076b300000,0x000000076b300000,0x0000000773300000)
  from space 10752K, 100% used [0x0000000773300000,0x0000000773d80000,0x0000000773d80000)
  to   space 122880K, 0% used [0x0000000782b00000,0x0000000782b00000,0x000000078a300000)
 ParOldGen       total 197120K, used 195065K [0x00000006c1800000, 0x00000006cd880000, 0x000000076b300000)
  object space 197120K, 98% used [0x00000006c1800000,0x00000006cd67e530,0x00000006cd880000)
 Metaspace       used 11046K, capacity 11303K, committed 11520K, reserved 1060864K
  class space    used 839K, capacity 942K, committed 1024K, reserved 1048576K
Event: 3.426 GC heap after
Heap after GC invocations=6 (full 1):
 PSYoungGen      total 141824K, used 8174K [0x000000076b300000, 0x000000078a300000, 0x00000007c0000000)
  eden space 131072K, 0% used [0x000000076b300000,0x000000076b300000,0x0000000773300000)
  from space 10752K, 76% used [0x0000000773300000,0x0000000773afb900,0x0000000773d80000)
  to   space 122880K, 0% used [0x0000000782b00000,0x0000000782b00000,0x000000078a300000)
 ParOldGen       total 400896K, used 196722K [0x00000006c1800000, 0x00000006d9f80000, 0x000000076b300000)
  object space 400896K, 49% used [0x00000006c1800000,0x00000006cd81c9b8,0x00000006d9f80000)
 Metaspace       used 11046K, capacity 11303K, committed 11520K, reserved 1060864K
  class space    used 839K, capacity 942K, committed 1024K, reserved 1048576K
}
Event: 3.446 GC heap before
{Heap before GC invocations=7 (full 1):
 PSYoungGen      total 141824K, used 139246K [0x000000076b300000, 0x000000078a300000, 0x00000007c0000000)
  eden space 131072K, 100% used [0x000000076b300000,0x0000000773300000,0x0000000773300000)
  from space 10752K, 76% used [0x0000000773300000,0x0000000773afb900,0x0000000773d80000)
  to   space 122880K, 0% used [0x0000000782b00000,0x0000000782b00000,0x000000078a300000)
 ParOldGen       total 400896K, used 196722K [0x00000006c1800000, 0x00000006d9f80000, 0x000000076b300000)
  object space 400896K, 49% used [0x00000006c1800000,0x00000006cd81c9b8,0x00000006d9f80000)
 Metaspace       used 11054K, capacity 11311K, committed 11520K, reserved 1060864K
  class space    used 840K, capacity 942K, committed 1024K, reserved 1048576K
Event: 3.495 GC heap after
Heap after GC invocations=7 (full 1):
 PSYoungGen      total 283136K, used 88736K [0x000000076b300000, 0x0000000788200000, 0x00000007c0000000)
  eden space 194048K, 0% used [0x000000076b300000,0x000000076b300000,0x0000000777080000)
  from space 89088K, 99% used [0x0000000782b00000,0x00000007881a8000,0x0000000788200000)
  to   space 133632K, 0% used [0x0000000777d00000,0x0000000777d00000,0x000000077ff80000)
 ParOldGen       total 400896K, used 196722K [0x00000006c1800000, 0x00000006d9f80000, 0x000000076b300000)
  object space 400896K, 49% used [0x00000006c1800000,0x00000006cd81c9b8,0x00000006d9f80000)
 Metaspace       used 11054K, capacity 11311K, committed 11520K, reserved 1060864K
  class space    used 840K, capacity 942K, committed 1024K, reserved 1048576K
}
Event: 3.592 GC heap before
{Heap before GC invocations=8 (full 1):
 PSYoungGen      total 283136K, used 282784K [0x000000076b300000, 0x0000000788200000, 0x00000007c0000000)
  eden space 194048K, 100% used [0x000000076b300000,0x0000000777080000,0x0000000777080000)
  from space 89088K, 99% used [0x0000000782b00000,0x00000007881a8000,0x0000000788200000)
  to   space 133632K, 0% used [0x0000000777d00000,0x0000000777d00000,0x000000077ff80000)
 ParOldGen       total 400896K, used 196722K [0x00000006c1800000, 0x00000006d9f80000, 0x000000076b300000)
  object space 400896K, 49% used [0x00000006c1800000,0x00000006cd81c9b8,0x00000006d9f80000)
 Metaspace       used 11063K, capacity 11311K, committed 11520K, reserved 1060864K
  class space    used 840K, capacity 942K, committed 1024K, reserved 1048576K
Event: 3.688 GC heap after
Heap after GC invocations=8 (full 1):
 PSYoungGen      total 340480K, used 133632K [0x000000076b300000, 0x0000000793f80000, 0x00000007c0000000)
  eden space 206848K, 0% used [0x000000076b300000,0x000000076b300000,0x0000000777d00000)
  from space 133632K, 100% used [0x0000000777d00000,0x000000077ff80000,0x000000077ff80000)
  to   space 187904K, 0% used [0x0000000788800000,0x0000000788800000,0x0000000793f80000)
 ParOldGen       total 400896K, used 248314K [0x00000006c1800000, 0x00000006d9f80000, 0x000000076b300000)
  object space 400896K, 61% used [0x00000006c1800000,0x00000006d0a7e9b8,0x00000006d9f80000)
 Metaspace       used 11063K, capacity 11311K, committed 11520K, reserved 1060864K
  class space    used 840K, capacity 942K, committed 1024K, reserved 1048576K
}

