# JRE version: OpenJDK Runtime Environment (8.0_232-b09) (build 1.8.0_232-b09)
# Java VM: OpenJDK 64-Bit Server VM (25.232-b09 mixed mode windows-amd64 compressed oops)
Heap:
 PSYoungGen      total 303616K, used 156685K [0x000000076b300000, 0x0000000793100000, 0x00000007c0000000)
  eden space 170496K, 13% used [0x000000076b300000,0x000000076ca03578,0x0000000775980000)
  from space 133120K, 100% used [0x0000000775980000,0x000000077db80000,0x000000077db80000)
  to   space 207872K, 0% used [0x0000000786600000,0x0000000786600000,0x0000000793100000)
 ParOldGen       total 478208K, used 313947K [0x00000006c1800000, 0x00000006deb00000, 0x000000076b300000)
  object space 478208K, 65% used [0x00000006c1800000,0x00000006d4a96fc8,0x00000006deb00000)
 Metaspace       used 11073K, capacity 11311K, committed 11520K, reserved 1060864K
  class space    used 842K, capacity 942K, committed 1024K, reserved 1048576K
GC Heap History (10 events):
Event: 1.973 GC heap before
{Heap before GC invocations=5 (full 1):
 PSYoungGen      total 141824K, used 10721K [0x000000076b300000, 0x0000000774800000, 0x00000007c0000000)
  eden space 131072K, 0% used [0x000000076b300000,0x000000076b300000,0x0000000773300000)
  from space 10752K, 99% used [0x0000000773d80000,0x00000007747f86e0,0x0000000774800000)
  to   space 10752K, 0% used [0x0000000773300000,0x0000000773300000,0x0000000773d80000)
 ParOldGen       total 175104K, used 112647K [0x00000006c1800000, 0x00000006cc300000, 0x000000076b300000)
  object space 175104K, 64% used [0x00000006c1800000,0x00000006c8601e00,0x00000006cc300000)
 Metaspace       used 11047K, capacity 11311K, committed 11520K, reserved 1060864K
  class space    used 839K, capacity 942K, committed 1024K, reserved 1048576K
Event: 2.841 GC heap after
Heap after GC invocations=5 (full 1):
 PSYoungGen      total 141824K, used 0K [0x000000076b300000, 0x0000000774800000, 0x00000007c0000000)
  eden space 131072K, 0% used [0x000000076b300000,0x000000076b300000,0x0000000773300000)
  from space 10752K, 0% used [0x0000000773d80000,0x0000000773d80000,0x0000000774800000)
  to   space 10752K, 0% used [0x0000000773300000,0x0000000773300000,0x0000000773d80000)
 ParOldGen       total 287744K, used 122813K [0x00000006c1800000, 0x00000006d3100000, 0x000000076b300000)
  object space 287744K, 42% used [0x00000006c1800000,0x00000006c8fef670,0x00000006d3100000)
 Metaspace       used 11047K, capacity 11311K, committed 11520K, reserved 1060864K
  class space    used 839K, capacity 942K, committed 1024K, reserved 1048576K
}
Event: 2.883 GC heap before
{Heap before GC invocations=6 (full 1):
 PSYoungGen      total 141824K, used 131072K [0x000000076b300000, 0x0000000774800000, 0x00000007c0000000)
  eden space 131072K, 100% used [0x000000076b300000,0x0000000773300000,0x0000000773300000)
  from space 10752K, 0% used [0x0000000773d80000,0x0000000773d80000,0x0000000774800000)
  to   space 10752K, 0% used [0x0000000773300000,0x0000000773300000,0x0000000773d80000)
 ParOldGen       total 287744K, used 122813K [0x00000006c1800000, 0x00000006d3100000, 0x000000076b300000)
  object space 287744K, 42% used [0x00000006c1800000,0x00000006c8fef670,0x00000006d3100000)
 Metaspace       used 11051K, capacity 11311K, committed 11520K, reserved 1060864K
  class space    used 839K, capacity 942K, committed 1024K, reserved 1048576K
Event: 2.936 GC heap after
Heap after GC invocations=6 (full 1):
 PSYoungGen      total 141824K, used 10752K [0x000000076b300000, 0x0000000785700000, 0x00000007c0000000)
  eden space 131072K, 0% used [0x000000076b300000,0x000000076b300000,0x0000000773300000)
  from space 10752K, 100% used [0x0000000773300000,0x0000000773d80000,0x0000000773d80000)
  to   space 116224K, 0% used [0x000000077e580000,0x000000077e580000,0x0000000785700000)
 ParOldGen       total 287744K, used 209565K [0x00000006c1800000, 0x00000006d3100000, 0x000000076b300000)
  object space 287744K, 72% used [0x00000006c1800000,0x00000006ce4a7670,0x00000006d3100000)
 Metaspace       used 11051K, capacity 11311K, committed 11520K, reserved 1060864K
  class space    used 839K, capacity 942K, committed 1024K, reserved 1048576K
}
Event: 2.936 GC heap before
{Heap before GC invocations=7 (full 2):
 PSYoungGen      total 141824K, used 10752K [0x000000076b300000, 0x0000000785700000, 0x00000007c0000000)
  eden space 131072K, 0% used [0x000000076b300000,0x000000076b300000,0x0000000773300000)
  from space 10752K, 100% used [0x0000000773300000,0x0000000773d80000,0x0000000773d80000)
  to   space 116224K, 0% used [0x000000077e580000,0x000000077e580000,0x0000000785700000)
 ParOldGen       total 287744K, used 209565K [0x00000006c1800000, 0x00000006d3100000, 0x000000076b300000)
  object space 287744K, 72% used [0x00000006c1800000,0x00000006ce4a7670,0x00000006d3100000)
 Metaspace       used 11051K, capacity 11311K, committed 11520K, reserved 1060864K
  class space    used 839K, capacity 942K, committed 1024K, reserved 1048576K
Event: 3.564 GC heap after
Heap after GC invocations=7 (full 2):
 PSYoungGen      total 141824K, used 0K [0x000000076b300000, 0x0000000785700000, 0x00000007c0000000)
  eden space 131072K, 0% used [0x000000076b300000,0x000000076b300000,0x0000000773300000)
  from space 10752K, 0% used [0x0000000773300000,0x0000000773300000,0x0000000773d80000)
  to   space 116224K, 0% used [0x000000077e580000,0x000000077e580000,0x0000000785700000)
 ParOldGen       total 478208K, used 219931K [0x00000006c1800000, 0x00000006deb00000, 0x000000076b300000)
  object space 478208K, 45% used [0x00000006c1800000,0x00000006ceec6fc8,0x00000006deb00000)
 Metaspace       used 11051K, capacity 11311K, committed 11520K, reserved 1060864K
  class space    used 839K, capacity 942K, committed 1024K, reserved 1048576K
}
Event: 3.588 GC heap before
{Heap before GC invocations=8 (full 2):
 PSYoungGen      total 141824K, used 131072K [0x000000076b300000, 0x0000000785700000, 0x00000007c0000000)
  eden space 131072K, 100% used [0x000000076b300000,0x0000000773300000,0x0000000773300000)
  from space 10752K, 0% used [0x0000000773300000,0x0000000773300000,0x0000000773d80000)
  to   space 116224K, 0% used [0x000000077e580000,0x000000077e580000,0x0000000785700000)
 ParOldGen       total 478208K, used 219931K [0x00000006c1800000, 0x00000006deb00000, 0x000000076b300000)
  object space 478208K, 45% used [0x00000006c1800000,0x00000006ceec6fc8,0x00000006deb00000)
 Metaspace       used 11054K, capacity 11311K, committed 11520K, reserved 1060864K
  class space    used 840K, capacity 942K, committed 1024K, reserved 1048576K
Event: 3.630 GC heap after
Heap after GC invocations=8 (full 2):
 PSYoungGen      total 286720K, used 98272K [0x000000076b300000, 0x0000000785d80000, 0x00000007c0000000)
  eden space 170496K, 0% used [0x000000076b300000,0x000000076b300000,0x0000000775980000)
  from space 116224K, 84% used [0x000000077e580000,0x0000000784578000,0x0000000785700000)
  to   space 133120K, 0% used [0x0000000775980000,0x0000000775980000,0x000000077db80000)
 ParOldGen       total 478208K, used 219931K [0x00000006c1800000, 0x00000006deb00000, 0x000000076b300000)
  object space 478208K, 45% used [0x00000006c1800000,0x00000006ceec6fc8,0x00000006deb00000)
 Metaspace       used 11054K, capacity 11311K, committed 11520K, reserved 1060864K
  class space    used 840K, capacity 942K, committed 1024K, reserved 1048576K
}
Event: 3.663 GC heap before
{Heap before GC invocations=9 (full 2):
 PSYoungGen      total 286720K, used 268768K [0x000000076b300000, 0x0000000785d80000, 0x00000007c0000000)
  eden space 170496K, 100% used [0x000000076b300000,0x0000000775980000,0x0000000775980000)
  from space 116224K, 84% used [0x000000077e580000,0x0000000784578000,0x0000000785700000)
  to   space 133120K, 0% used [0x0000000775980000,0x0000000775980000,0x000000077db80000)
 ParOldGen       total 478208K, used 219931K [0x00000006c1800000, 0x00000006deb00000, 0x000000076b300000)
  object space 478208K, 45% used [0x00000006c1800000,0x00000006ceec6fc8,0x00000006deb00000)
 Metaspace       used 11057K, capacity 11311K, committed 11520K, reserved 1060864K
  class space    used 840K, capacity 942K, committed 1024K, reserved 1048576K
Event: 3.769 GC heap after
Heap after GC invocations=9 (full 2):
 PSYoungGen      total 303616K, used 133120K [0x000000076b300000, 0x0000000793100000, 0x00000007c0000000)
  eden space 170496K, 0% used [0x000000076b300000,0x000000076b300000,0x0000000775980000)
  from space 133120K, 100% used [0x0000000775980000,0x000000077db80000,0x000000077db80000)
  to   space 207872K, 0% used [0x0000000786600000,0x0000000786600000,0x0000000793100000)
 ParOldGen       total 478208K, used 313947K [0x00000006c1800000, 0x00000006deb00000, 0x000000076b300000)
  object space 478208K, 65% used [0x00000006c1800000,0x00000006d4a96fc8,0x00000006deb00000)
 Metaspace       used 11057K, capacity 11311K, committed 11520K, reserved 1060864K
  class space    used 840K, capacity 942K, committed 1024K, reserved 1048576K
}

