# JRE version: OpenJDK Runtime Environment (8.0_232-b09) (build 1.8.0_232-b09)
# Java VM: OpenJDK 64-Bit Server VM (25.232-b09 mixed mode windows-amd64 compressed oops)
Heap:
 PSYoungGen      total 303104K, used 171349K [0x000000076b300000, 0x0000000792c80000, 0x00000007c0000000)
  eden space 168448K, 21% used [0x000000076b300000,0x000000076d6d55d8,0x0000000775780000)
  from space 134656K, 100% used [0x0000000775780000,0x000000077db00000,0x000000077db00000)
  to   space 208896K, 0% used [0x0000000786080000,0x0000000786080000,0x0000000792c80000)
 ParOldGen       total 474112K, used 304808K [0x00000006c1800000, 0x00000006de700000, 0x000000076b300000)
  object space 474112K, 64% used [0x00000006c1800000,0x00000006d41aa250,0x00000006de700000)
 Metaspace       used 11180K, capacity 11375K, committed 11520K, reserved 1060864K
  class space    used 850K, capacity 942K, committed 1024K, reserved 1048576K
GC Heap History (10 events):
Event: 2.059 GC heap before
{Heap before GC invocations=5 (full 1):
 PSYoungGen      total 141824K, used 10720K [0x000000076b300000, 0x0000000774800000, 0x00000007c0000000)
  eden space 131072K, 0% used [0x000000076b300000,0x000000076b300000,0x0000000773300000)
  from space 10752K, 99% used [0x0000000773d80000,0x00000007747f8020,0x0000000774800000)
  to   space 10752K, 0% used [0x0000000773300000,0x0000000773300000,0x0000000773d80000)
 ParOldGen       total 175104K, used 105825K [0x00000006c1800000, 0x00000006cc300000, 0x000000076b300000)
  object space 175104K, 60% used [0x00000006c1800000,0x00000006c7f584e0,0x00000006cc300000)
 Metaspace       used 11056K, capacity 11311K, committed 11520K, reserved 1060864K
  class space    used 839K, capacity 942K, committed 1024K, reserved 1048576K
Event: 2.861 GC heap after
Heap after GC invocations=5 (full 1):
 PSYoungGen      total 141824K, used 0K [0x000000076b300000, 0x0000000774800000, 0x00000007c0000000)
  eden space 131072K, 0% used [0x000000076b300000,0x000000076b300000,0x0000000773300000)
  from space 10752K, 0% used [0x0000000773d80000,0x0000000773d80000,0x0000000774800000)
  to   space 10752K, 0% used [0x0000000773300000,0x0000000773300000,0x0000000773d80000)
 ParOldGen       total 280064K, used 116009K [0x00000006c1800000, 0x00000006d2980000, 0x000000076b300000)
  object space 280064K, 41% used [0x00000006c1800000,0x00000006c894a438,0x00000006d2980000)
 Metaspace       used 11056K, capacity 11311K, committed 11520K, reserved 1060864K
  class space    used 839K, capacity 942K, committed 1024K, reserved 1048576K
}
Event: 2.902 GC heap before
{Heap before GC invocations=6 (full 1):
 PSYoungGen      total 141824K, used 131072K [0x000000076b300000, 0x0000000774800000, 0x00000007c0000000)
  eden space 131072K, 100% used [0x000000076b300000,0x0000000773300000,0x0000000773300000)
  from space 10752K, 0% used [0x0000000773d80000,0x0000000773d80000,0x0000000774800000)
  to   space 10752K, 0% used [0x0000000773300000,0x0000000773300000,0x0000000773d80000)
 ParOldGen       total 280064K, used 116009K [0x00000006c1800000, 0x00000006d2980000, 0x000000076b300000)
  object space 280064K, 41% used [0x00000006c1800000,0x00000006c894a438,0x00000006d2980000)
 Metaspace       used 11057K, capacity 11311K, committed 11520K, reserved 1060864K
  class space    used 839K, capacity 942K, committed 1024K, reserved 1048576K
Event: 2.952 GC heap after
Heap after GC invocations=6 (full 1):
 PSYoungGen      total 141824K, used 10752K [0x000000076b300000, 0x0000000785780000, 0x00000007c0000000)
  eden space 131072K, 0% used [0x000000076b300000,0x000000076b300000,0x0000000773300000)
  from space 10752K, 100% used [0x0000000773300000,0x0000000773d80000,0x0000000773d80000)
  to   space 116736K, 0% used [0x000000077e580000,0x000000077e580000,0x0000000785780000)
 ParOldGen       total 280064K, used 203417K [0x00000006c1800000, 0x00000006d2980000, 0x000000076b300000)
  object space 280064K, 72% used [0x00000006c1800000,0x00000006cdea6438,0x00000006d2980000)
 Metaspace       used 11057K, capacity 11311K, committed 11520K, reserved 1060864K
  class space    used 839K, capacity 942K, committed 1024K, reserved 1048576K
}
Event: 2.952 GC heap before
{Heap before GC invocations=7 (full 2):
 PSYoungGen      total 141824K, used 10752K [0x000000076b300000, 0x0000000785780000, 0x00000007c0000000)
  eden space 131072K, 0% used [0x000000076b300000,0x000000076b300000,0x0000000773300000)
  from space 10752K, 100% used [0x0000000773300000,0x0000000773d80000,0x0000000773d80000)
  to   space 116736K, 0% used [0x000000077e580000,0x000000077e580000,0x0000000785780000)
 ParOldGen       total 280064K, used 203417K [0x00000006c1800000, 0x00000006d2980000, 0x000000076b300000)
  object space 280064K, 72% used [0x00000006c1800000,0x00000006cdea6438,0x00000006d2980000)
 Metaspace       used 11057K, capacity 11311K, committed 11520K, reserved 1060864K
  class space    used 839K, capacity 942K, committed 1024K, reserved 1048576K
Event: 3.636 GC heap after
Heap after GC invocations=7 (full 2):
 PSYoungGen      total 141824K, used 0K [0x000000076b300000, 0x0000000785780000, 0x00000007c0000000)
  eden space 131072K, 0% used [0x000000076b300000,0x000000076b300000,0x0000000773300000)
  from space 10752K, 0% used [0x0000000773300000,0x0000000773300000,0x0000000773d80000)
  to   space 116736K, 0% used [0x000000077e580000,0x000000077e580000,0x0000000785780000)
 ParOldGen       total 474112K, used 213792K [0x00000006c1800000, 0x00000006de700000, 0x000000076b300000)
  object space 474112K, 45% used [0x00000006c1800000,0x00000006ce8c8250,0x00000006de700000)
 Metaspace       used 11057K, capacity 11311K, committed 11520K, reserved 1060864K
  class space    used 839K, capacity 942K, committed 1024K, reserved 1048576K
}
Event: 3.673 GC heap before
{Heap before GC invocations=8 (full 2):
 PSYoungGen      total 141824K, used 131072K [0x000000076b300000, 0x0000000785780000, 0x00000007c0000000)
  eden space 131072K, 100% used [0x000000076b300000,0x0000000773300000,0x0000000773300000)
  from space 10752K, 0% used [0x0000000773300000,0x0000000773300000,0x0000000773d80000)
  to   space 116736K, 0% used [0x000000077e580000,0x000000077e580000,0x0000000785780000)
 ParOldGen       total 474112K, used 213792K [0x00000006c1800000, 0x00000006de700000, 0x000000076b300000)
  object space 474112K, 45% used [0x00000006c1800000,0x00000006ce8c8250,0x00000006de700000)
 Metaspace       used 11060K, capacity 11311K, committed 11520K, reserved 1060864K
  class space    used 839K, capacity 942K, committed 1024K, reserved 1048576K
Event: 3.720 GC heap after
Heap after GC invocations=8 (full 2):
 PSYoungGen      total 285184K, used 99520K [0x000000076b300000, 0x0000000785e80000, 0x00000007c0000000)
  eden space 168448K, 0% used [0x000000076b300000,0x000000076b300000,0x0000000775780000)
  from space 116736K, 85% used [0x000000077e580000,0x00000007846b0000,0x0000000785780000)
  to   space 134656K, 0% used [0x0000000775780000,0x0000000775780000,0x000000077db00000)
 ParOldGen       total 474112K, used 213792K [0x00000006c1800000, 0x00000006de700000, 0x000000076b300000)
  object space 474112K, 45% used [0x00000006c1800000,0x00000006ce8c8250,0x00000006de700000)
 Metaspace       used 11060K, capacity 11311K, committed 11520K, reserved 1060864K
  class space    used 839K, capacity 942K, committed 1024K, reserved 1048576K
}
Event: 3.776 GC heap before
{Heap before GC invocations=9 (full 2):
 PSYoungGen      total 285184K, used 267968K [0x000000076b300000, 0x0000000785e80000, 0x00000007c0000000)
  eden space 168448K, 100% used [0x000000076b300000,0x0000000775780000,0x0000000775780000)
  from space 116736K, 85% used [0x000000077e580000,0x00000007846b0000,0x0000000785780000)
  to   space 134656K, 0% used [0x0000000775780000,0x0000000775780000,0x000000077db00000)
 ParOldGen       total 474112K, used 213792K [0x00000006c1800000, 0x00000006de700000, 0x000000076b300000)
  object space 474112K, 45% used [0x00000006c1800000,0x00000006ce8c8250,0x00000006de700000)
 Metaspace       used 11065K, capacity 11311K, committed 11520K, reserved 1060864K
  class space    used 840K, capacity 942K, committed 1024K, reserved 1048576K
Event: 3.897 GC heap after
Heap after GC invocations=9 (full 2):
 PSYoungGen      total 303104K, used 134656K [0x000000076b300000, 0x0000000792c80000, 0x00000007c0000000)
  eden space 168448K, 0% used [0x000000076b300000,0x000000076b300000,0x0000000775780000)
  from space 134656K, 100% used [0x0000000775780000,0x000000077db00000,0x000000077db00000)
  to   space 208896K, 0% used [0x0000000786080000,0x0000000786080000,0x0000000792c80000)
 ParOldGen       total 474112K, used 304808K [0x00000006c1800000, 0x00000006de700000, 0x000000076b300000)
  object space 474112K, 64% used [0x00000006c1800000,0x00000006d41aa250,0x00000006de700000)
 Metaspace       used 11065K, capacity 11311K, committed 11520K, reserved 1060864K
  class space    used 840K, capacity 942K, committed 1024K, reserved 1048576K
}

