# JRE version: OpenJDK Runtime Environment (8.0_232-b09) (build 1.8.0_232-b09)
# Java VM: OpenJDK 64-Bit Server VM (25.232-b09 mixed mode windows-amd64 compressed oops)
Heap:
 PSYoungGen      total 287744K, used 203708K [0x000000076b300000, 0x0000000785f00000, 0x00000007c0000000)
  eden space 171008K, 61% used [0x000000076b300000,0x00000007719773a8,0x0000000775a00000)
  from space 116736K, 84% used [0x000000077e700000,0x0000000784778000,0x0000000785900000)
  to   space 133632K, 0% used [0x0000000775a00000,0x0000000775a00000,0x000000077dc80000)
 ParOldGen       total 476672K, used 219534K [0x00000006c1800000, 0x00000006de980000, 0x000000076b300000)
  object space 476672K, 46% used [0x00000006c1800000,0x00000006cee63a68,0x00000006de980000)
 Metaspace       used 11077K, capacity 11311K, committed 11520K, reserved 1060864K
  class space    used 842K, capacity 942K, committed 1024K, reserved 1048576K
GC Heap History (10 events):
Event: 2.001 GC heap before
{Heap before GC invocations=4 (full 0):
 PSYoungGen      total 76288K, used 76272K [0x000000076b300000, 0x0000000774800000, 0x00000007c0000000)
  eden space 65536K, 100% used [0x000000076b300000,0x000000076f300000,0x000000076f300000)
  from space 10752K, 99% used [0x000000076f300000,0x000000076fd7c010,0x000000076fd80000)
  to   space 10752K, 0% used [0x0000000773d80000,0x0000000773d80000,0x0000000774800000)
 ParOldGen       total 175104K, used 61958K [0x00000006c1800000, 0x00000006cc300000, 0x000000076b300000)
  object space 175104K, 35% used [0x00000006c1800000,0x00000006c5481b98,0x00000006cc300000)
 Metaspace       used 11055K, capacity 11303K, committed 11520K, reserved 1060864K
  class space    used 839K, capacity 942K, committed 1024K, reserved 1048576K
Event: 2.045 GC heap after
Heap after GC invocations=4 (full 0):
 PSYoungGen      total 141824K, used 10736K [0x000000076b300000, 0x0000000774800000, 0x00000007c0000000)
  eden space 131072K, 0% used [0x000000076b300000,0x000000076b300000,0x0000000773300000)
  from space 10752K, 99% used [0x0000000773d80000,0x00000007747fc010,0x0000000774800000)
  to   space 10752K, 0% used [0x0000000773300000,0x0000000773300000,0x0000000773d80000)
 ParOldGen       total 175104K, used 111642K [0x00000006c1800000, 0x00000006cc300000, 0x000000076b300000)
  object space 175104K, 63% used [0x00000006c1800000,0x00000006c8506ba0,0x00000006cc300000)
 Metaspace       used 11055K, capacity 11303K, committed 11520K, reserved 1060864K
  class space    used 839K, capacity 942K, committed 1024K, reserved 1048576K
}
Event: 2.045 GC heap before
{Heap before GC invocations=5 (full 1):
 PSYoungGen      total 141824K, used 10736K [0x000000076b300000, 0x0000000774800000, 0x00000007c0000000)
  eden space 131072K, 0% used [0x000000076b300000,0x000000076b300000,0x0000000773300000)
  from space 10752K, 99% used [0x0000000773d80000,0x00000007747fc010,0x0000000774800000)
  to   space 10752K, 0% used [0x0000000773300000,0x0000000773300000,0x0000000773d80000)
 ParOldGen       total 175104K, used 111642K [0x00000006c1800000, 0x00000006cc300000, 0x000000076b300000)
  object space 175104K, 63% used [0x00000006c1800000,0x00000006c8506ba0,0x00000006cc300000)
 Metaspace       used 11055K, capacity 11303K, committed 11520K, reserved 1060864K
  class space    used 839K, capacity 942K, committed 1024K, reserved 1048576K
Event: 2.902 GC heap after
Heap after GC invocations=5 (full 1):
 PSYoungGen      total 141824K, used 0K [0x000000076b300000, 0x0000000774800000, 0x00000007c0000000)
  eden space 131072K, 0% used [0x000000076b300000,0x000000076b300000,0x0000000773300000)
  from space 10752K, 0% used [0x0000000773d80000,0x0000000773d80000,0x0000000774800000)
  to   space 10752K, 0% used [0x0000000773300000,0x0000000773300000,0x0000000773d80000)
 ParOldGen       total 286208K, used 121820K [0x00000006c1800000, 0x00000006d2f80000, 0x000000076b300000)
  object space 286208K, 42% used [0x00000006c1800000,0x00000006c8ef7288,0x00000006d2f80000)
 Metaspace       used 11055K, capacity 11303K, committed 11520K, reserved 1060864K
  class space    used 839K, capacity 942K, committed 1024K, reserved 1048576K
}
Event: 2.951 GC heap before
{Heap before GC invocations=6 (full 1):
 PSYoungGen      total 141824K, used 131072K [0x000000076b300000, 0x0000000774800000, 0x00000007c0000000)
  eden space 131072K, 100% used [0x000000076b300000,0x0000000773300000,0x0000000773300000)
  from space 10752K, 0% used [0x0000000773d80000,0x0000000773d80000,0x0000000774800000)
  to   space 10752K, 0% used [0x0000000773300000,0x0000000773300000,0x0000000773d80000)
 ParOldGen       total 286208K, used 121820K [0x00000006c1800000, 0x00000006d2f80000, 0x000000076b300000)
  object space 286208K, 42% used [0x00000006c1800000,0x00000006c8ef7288,0x00000006d2f80000)
 Metaspace       used 11063K, capacity 11311K, committed 11520K, reserved 1060864K
  class space    used 840K, capacity 942K, committed 1024K, reserved 1048576K
Event: 3.003 GC heap after
Heap after GC invocations=6 (full 1):
 PSYoungGen      total 141824K, used 10752K [0x000000076b300000, 0x0000000785900000, 0x00000007c0000000)
  eden space 131072K, 0% used [0x000000076b300000,0x000000076b300000,0x0000000773300000)
  from space 10752K, 100% used [0x0000000773300000,0x0000000773d80000,0x0000000773d80000)
  to   space 116736K, 0% used [0x000000077e700000,0x000000077e700000,0x0000000785900000)
 ParOldGen       total 286208K, used 209148K [0x00000006c1800000, 0x00000006d2f80000, 0x000000076b300000)
  object space 286208K, 73% used [0x00000006c1800000,0x00000006ce43f288,0x00000006d2f80000)
 Metaspace       used 11063K, capacity 11311K, committed 11520K, reserved 1060864K
  class space    used 840K, capacity 942K, committed 1024K, reserved 1048576K
}
Event: 3.003 GC heap before
{Heap before GC invocations=7 (full 2):
 PSYoungGen      total 141824K, used 10752K [0x000000076b300000, 0x0000000785900000, 0x00000007c0000000)
  eden space 131072K, 0% used [0x000000076b300000,0x000000076b300000,0x0000000773300000)
  from space 10752K, 100% used [0x0000000773300000,0x0000000773d80000,0x0000000773d80000)
  to   space 116736K, 0% used [0x000000077e700000,0x000000077e700000,0x0000000785900000)
 ParOldGen       total 286208K, used 209148K [0x00000006c1800000, 0x00000006d2f80000, 0x000000076b300000)
  object space 286208K, 73% used [0x00000006c1800000,0x00000006ce43f288,0x00000006d2f80000)
 Metaspace       used 11063K, capacity 11311K, committed 11520K, reserved 1060864K
  class space    used 840K, capacity 942K, committed 1024K, reserved 1048576K
Event: 3.645 GC heap after
Heap after GC invocations=7 (full 2):
 PSYoungGen      total 141824K, used 0K [0x000000076b300000, 0x0000000785900000, 0x00000007c0000000)
  eden space 131072K, 0% used [0x000000076b300000,0x000000076b300000,0x0000000773300000)
  from space 10752K, 0% used [0x0000000773300000,0x0000000773300000,0x0000000773d80000)
  to   space 116736K, 0% used [0x000000077e700000,0x000000077e700000,0x0000000785900000)
 ParOldGen       total 476672K, used 219534K [0x00000006c1800000, 0x00000006de980000, 0x000000076b300000)
  object space 476672K, 46% used [0x00000006c1800000,0x00000006cee63a68,0x00000006de980000)
 Metaspace       used 11063K, capacity 11311K, committed 11520K, reserved 1060864K
  class space    used 840K, capacity 942K, committed 1024K, reserved 1048576K
}
Event: 3.667 GC heap before
{Heap before GC invocations=8 (full 2):
 PSYoungGen      total 141824K, used 131072K [0x000000076b300000, 0x0000000785900000, 0x00000007c0000000)
  eden space 131072K, 100% used [0x000000076b300000,0x0000000773300000,0x0000000773300000)
  from space 10752K, 0% used [0x0000000773300000,0x0000000773300000,0x0000000773d80000)
  to   space 116736K, 0% used [0x000000077e700000,0x000000077e700000,0x0000000785900000)
 ParOldGen       total 476672K, used 219534K [0x00000006c1800000, 0x00000006de980000, 0x000000076b300000)
  object space 476672K, 46% used [0x00000006c1800000,0x00000006cee63a68,0x00000006de980000)
 Metaspace       used 11076K, capacity 11311K, committed 11520K, reserved 1060864K
  class space    used 842K, capacity 942K, committed 1024K, reserved 1048576K
Event: 3.714 GC heap after
Heap after GC invocations=8 (full 2):
 PSYoungGen      total 287744K, used 98784K [0x000000076b300000, 0x0000000785f00000, 0x00000007c0000000)
  eden space 171008K, 0% used [0x000000076b300000,0x000000076b300000,0x0000000775a00000)
  from space 116736K, 84% used [0x000000077e700000,0x0000000784778000,0x0000000785900000)
  to   space 133632K, 0% used [0x0000000775a00000,0x0000000775a00000,0x000000077dc80000)
 ParOldGen       total 476672K, used 219534K [0x00000006c1800000, 0x00000006de980000, 0x000000076b300000)
  object space 476672K, 46% used [0x00000006c1800000,0x00000006cee63a68,0x00000006de980000)
 Metaspace       used 11076K, capacity 11311K, committed 11520K, reserved 1060864K
  class space    used 842K, capacity 942K, committed 1024K, reserved 1048576K
}

